<?xml version="1.0" encoding="UTF-8"?>
<testsuite name="com.koreait.thebridgehub.ThebridgehubApplicationTests" tests="1" skipped="0" failures="0" errors="0" timestamp="2025-06-22T20:40:10.207Z" hostname="DESKTOP-SC5Q4S2" time="2.492">
  <properties/>
  <testcase name="contextLoads()" classname="com.koreait.thebridgehub.ThebridgehubApplicationTests" time="2.492"/>
  <system-out><![CDATA[05:39:58.126 [Test worker] INFO org.springframework.test.context.support.AnnotationConfigContextLoaderUtils -- Could not detect default configuration classes for test class [com.koreait.thebridgehub.ThebridgehubApplicationTests]: ThebridgehubApplicationTests does not declare any static, non-private, non-final, nested classes annotated with @Configuration.
05:39:58.610 [Test worker] INFO org.springframework.boot.test.context.SpringBootTestContextBootstrapper -- Found @SpringBootConfiguration com.koreait.thebridgehub.ThebridgehubApplication for test class com.koreait.thebridgehub.ThebridgehubApplicationTests

  .   ____          _            __ _ _
 /\\ / ___'_ __ _ _(_)_ __  __ _ \ \ \ \
( ( )\___ | '_ | '_| | '_ \/ _` | \ \ \ \
 \\/  ___)| |_)| | | | | || (_| |  ) ) ) )
  '  |____| .__|_| |_|_| |_\__, | / / / /
 =========|_|==============|___/=/_/_/_/

 :: Spring Boot ::                (v3.5.0)

2025-06-23 05:40:00 [Test worker] INFO  c.k.t.ThebridgehubApplicationTests - Starting ThebridgehubApplicationTests using Java 17.0.12 with PID 1468 (started by AA in C:\yunki\java\thebridgehub)
2025-06-23 05:40:00 [Test worker] DEBUG c.k.t.ThebridgehubApplicationTests - Running with Spring Boot v3.5.0, Spring v6.2.7
2025-06-23 05:40:00 [Test worker] INFO  c.k.t.ThebridgehubApplicationTests - No active profile set, falling back to 1 default profile: "default"
2025-06-23 05:40:03 [Test worker] DEBUG o.m.s.b.a.MybatisAutoConfiguration - Searching for mappers annotated with @Mapper
2025-06-23 05:40:03 [Test worker] DEBUG o.m.s.b.a.MybatisAutoConfiguration - Using auto-configuration base package 'com.koreait.thebridgehub'
2025-06-23 05:40:03 [Test worker] DEBUG o.m.s.mapper.ClassPathMapperScanner - Identified candidate component class: file [C:\yunki\java\thebridgehub\build\classes\java\main\com\koreait\thebridgehub\dao\ChatRoomDao.class]
2025-06-23 05:40:04 [Test worker] DEBUG o.m.s.mapper.ClassPathMapperScanner - Identified candidate component class: file [C:\yunki\java\thebridgehub\build\classes\java\main\com\koreait\thebridgehub\dao\ChatRoomMemberDao.class]
2025-06-23 05:40:04 [Test worker] DEBUG o.m.s.mapper.ClassPathMapperScanner - Identified candidate component class: file [C:\yunki\java\thebridgehub\build\classes\java\main\com\koreait\thebridgehub\dao\FileDao.class]
2025-06-23 05:40:04 [Test worker] DEBUG o.m.s.mapper.ClassPathMapperScanner - Identified candidate component class: file [C:\yunki\java\thebridgehub\build\classes\java\main\com\koreait\thebridgehub\dao\MemberDao.class]
2025-06-23 05:40:04 [Test worker] DEBUG o.m.s.mapper.ClassPathMapperScanner - Identified candidate component class: file [C:\yunki\java\thebridgehub\build\classes\java\main\com\koreait\thebridgehub\dao\MessageDao.class]
2025-06-23 05:40:04 [Test worker] DEBUG o.m.s.mapper.ClassPathMapperScanner - Identified candidate component class: file [C:\yunki\java\thebridgehub\build\classes\java\main\com\koreait\thebridgehub\dao\ReportDao.class]
2025-06-23 05:40:04 [Test worker] DEBUG o.m.s.mapper.ClassPathMapperScanner - Identified candidate component class: file [C:\yunki\java\thebridgehub\build\classes\java\main\com\koreait\thebridgehub\dao\StudyRoomDao.class]
2025-06-23 05:40:04 [Test worker] DEBUG o.m.s.mapper.ClassPathMapperScanner - Identified candidate component class: file [C:\yunki\java\thebridgehub\build\classes\java\main\com\koreait\thebridgehub\dao\StudyRoomMemberDao.class]
2025-06-23 05:40:04 [Test worker] DEBUG o.m.s.mapper.ClassPathMapperScanner - Creating MapperFactoryBean with name 'chatRoomDao' and 'com.koreait.thebridgehub.dao.ChatRoomDao' mapperInterface
2025-06-23 05:40:04 [Test worker] DEBUG o.m.s.mapper.ClassPathMapperScanner - Creating MapperFactoryBean with name 'chatRoomMemberDao' and 'com.koreait.thebridgehub.dao.ChatRoomMemberDao' mapperInterface
2025-06-23 05:40:04 [Test worker] DEBUG o.m.s.mapper.ClassPathMapperScanner - Creating MapperFactoryBean with name 'fileDao' and 'com.koreait.thebridgehub.dao.FileDao' mapperInterface
2025-06-23 05:40:04 [Test worker] DEBUG o.m.s.mapper.ClassPathMapperScanner - Creating MapperFactoryBean with name 'memberDao' and 'com.koreait.thebridgehub.dao.MemberDao' mapperInterface
2025-06-23 05:40:04 [Test worker] DEBUG o.m.s.mapper.ClassPathMapperScanner - Creating MapperFactoryBean with name 'messageDao' and 'com.koreait.thebridgehub.dao.MessageDao' mapperInterface
2025-06-23 05:40:04 [Test worker] DEBUG o.m.s.mapper.ClassPathMapperScanner - Creating MapperFactoryBean with name 'reportDao' and 'com.koreait.thebridgehub.dao.ReportDao' mapperInterface
2025-06-23 05:40:04 [Test worker] DEBUG o.m.s.mapper.ClassPathMapperScanner - Creating MapperFactoryBean with name 'studyRoomDao' and 'com.koreait.thebridgehub.dao.StudyRoomDao' mapperInterface
2025-06-23 05:40:04 [Test worker] DEBUG o.m.s.mapper.ClassPathMapperScanner - Creating MapperFactoryBean with name 'studyRoomMemberDao' and 'com.koreait.thebridgehub.dao.StudyRoomMemberDao' mapperInterface
Logging initialized using 'class org.apache.ibatis.logging.stdout.StdOutImpl' adapter.
2025-06-23 05:40:05 [Test worker] DEBUG o.m.spring.SqlSessionFactoryBean - Parsed mapper file: 'file [C:\yunki\java\thebridgehub\build\resources\main\mapper\ChatRoomMapper.xml]'
2025-06-23 05:40:06 [Test worker] DEBUG o.m.spring.SqlSessionFactoryBean - Parsed mapper file: 'file [C:\yunki\java\thebridgehub\build\resources\main\mapper\ChatRoomMemberMapper.xml]'
2025-06-23 05:40:06 [Test worker] DEBUG o.m.spring.SqlSessionFactoryBean - Parsed mapper file: 'file [C:\yunki\java\thebridgehub\build\resources\main\mapper\FileMapper.xml]'
2025-06-23 05:40:06 [Test worker] DEBUG o.m.spring.SqlSessionFactoryBean - Parsed mapper file: 'file [C:\yunki\java\thebridgehub\build\resources\main\mapper\MemberMapper.xml]'
2025-06-23 05:40:06 [Test worker] DEBUG o.m.spring.SqlSessionFactoryBean - Parsed mapper file: 'file [C:\yunki\java\thebridgehub\build\resources\main\mapper\MessageMapper.xml]'
2025-06-23 05:40:06 [Test worker] DEBUG o.m.spring.SqlSessionFactoryBean - Parsed mapper file: 'file [C:\yunki\java\thebridgehub\build\resources\main\mapper\ReportMapper.xml]'
2025-06-23 05:40:06 [Test worker] DEBUG o.m.spring.SqlSessionFactoryBean - Parsed mapper file: 'file [C:\yunki\java\thebridgehub\build\resources\main\mapper\StudyRoomMapper.xml]'
2025-06-23 05:40:06 [Test worker] DEBUG o.m.spring.SqlSessionFactoryBean - Parsed mapper file: 'file [C:\yunki\java\thebridgehub\build\resources\main\mapper\StudyRoomMemberMapper.xml]'
2025-06-23 05:40:08 [Test worker] INFO  o.s.s.c.a.a.c.InitializeUserDetailsBeanManagerConfigurer$InitializeUserDetailsManagerConfigurer - Global AuthenticationManager configured with UserDetailsService bean with name customUserDetailsService
2025-06-23 05:40:08 [Test worker] DEBUG o.s.s.web.DefaultSecurityFilterChain - Will secure any request with filters: DisableEncodeUrlFilter, WebAsyncManagerIntegrationFilter, SecurityContextHolderFilter, HeaderWriterFilter, CorsFilter, LogoutFilter, , JwtAuthenticationFilter, RequestCacheAwareFilter, SecurityContextHolderAwareRequestFilter, AnonymousAuthenticationFilter, SessionManagementFilter, ExceptionTranslationFilter, AuthorizationFilter
2025-06-23 05:40:09 [Test worker] DEBUG o.m.s.b.a.MybatisAutoConfiguration - Not found configuration for registering mapper bean using @MapperScan, MapperFactoryBean and MapperScannerConfigurer.
2025-06-23 05:40:10 [Test worker] INFO  c.k.t.ThebridgehubApplicationTests - Started ThebridgehubApplicationTests in 10.849 seconds (process running for 15.265)
]]></system-out>
  <system-err><![CDATA[]]></system-err>
</testsuite>
